C:\Program Files (x86)\Microsoft Visual Studio\2019\Community\MSBuild\Microsoft\VC\v160\Microsoft.CppBuild.targets(459,5): warning MSB8028: The intermediate directory (Debug\) contains files shared from another project (MarioBros-S500-02.vcxproj).  This can lead to incorrect clean and rebuild behavior.
  Character.cpp
C:\Users\Mr Poopybutthole\Documents\GitHub\Mario\MarioBros\MarioBros\Character.cpp(99,15): warning C4244: 'initializing': conversion from 'float' to 'int', possible loss of data
C:\Users\Mr Poopybutthole\Documents\GitHub\Mario\MarioBros\MarioBros\Character.cpp(100,16): warning C4244: 'initializing': conversion from 'float' to 'int', possible loss of data
C:\Users\Mr Poopybutthole\Documents\GitHub\Mario\MarioBros\MarioBros\Character.cpp(101,14): warning C4244: 'initializing': conversion from 'float' to 'int', possible loss of data
C:\Users\Mr Poopybutthole\Documents\GitHub\Mario\MarioBros\MarioBros\Character.cpp(102,17): warning C4244: 'initializing': conversion from 'float' to 'int', possible loss of data
  CharacterCoin.cpp
C:\Users\Mr Poopybutthole\Documents\GitHub\Mario\MarioBros\MarioBros\CharacterCoin.cpp(16,44): warning C4244: '=': conversion from 'int' to 'float', possible loss of data
C:\Users\Mr Poopybutthole\Documents\GitHub\Mario\MarioBros\MarioBros\CharacterCoin.cpp(17,43): warning C4244: '=': conversion from 'int' to 'float', possible loss of data
C:\Users\Mr Poopybutthole\Documents\GitHub\Mario\MarioBros\MarioBros\CharacterCoin.cpp(45,11): warning C4244: 'initializing': conversion from 'float' to 'int', possible loss of data
C:\Users\Mr Poopybutthole\Documents\GitHub\Mario\MarioBros\MarioBros\CharacterCoin.cpp(47,45): warning C4838: conversion from 'float' to 'int' requires a narrowing conversion
C:\Users\Mr Poopybutthole\Documents\GitHub\Mario\MarioBros\MarioBros\CharacterCoin.cpp(47,45): warning C4244: 'initializing': conversion from 'float' to 'int', possible loss of data
C:\Users\Mr Poopybutthole\Documents\GitHub\Mario\MarioBros\MarioBros\CharacterCoin.cpp(47,65): warning C4838: conversion from 'float' to 'int' requires a narrowing conversion
C:\Users\Mr Poopybutthole\Documents\GitHub\Mario\MarioBros\MarioBros\CharacterCoin.cpp(47,65): warning C4244: 'initializing': conversion from 'float' to 'int', possible loss of data
C:\Users\Mr Poopybutthole\Documents\GitHub\Mario\MarioBros\MarioBros\CharacterCoin.cpp(49,64): warning C4838: conversion from 'float' to 'int' requires a narrowing conversion
C:\Users\Mr Poopybutthole\Documents\GitHub\Mario\MarioBros\MarioBros\CharacterCoin.cpp(49,64): warning C4244: 'initializing': conversion from 'float' to 'int', possible loss of data
C:\Users\Mr Poopybutthole\Documents\GitHub\Mario\MarioBros\MarioBros\CharacterCoin.cpp(49,84): warning C4838: conversion from 'float' to 'int' requires a narrowing conversion
C:\Users\Mr Poopybutthole\Documents\GitHub\Mario\MarioBros\MarioBros\CharacterCoin.cpp(49,84): warning C4244: 'initializing': conversion from 'float' to 'int', possible loss of data
C:\Users\Mr Poopybutthole\Documents\GitHub\Mario\MarioBros\MarioBros\CharacterCoin.cpp(56,42): warning C4244: 'argument': conversion from 'float' to 'int', possible loss of data
  CharacterKoopa.cpp
C:\Users\Mr Poopybutthole\Documents\GitHub\Mario\MarioBros\MarioBros\CharacterKoopa.cpp(19,44): warning C4244: '=': conversion from 'int' to 'float', possible loss of data
C:\Users\Mr Poopybutthole\Documents\GitHub\Mario\MarioBros\MarioBros\CharacterKoopa.cpp(20,43): warning C4244: '=': conversion from 'int' to 'float', possible loss of data
C:\Users\Mr Poopybutthole\Documents\GitHub\Mario\MarioBros\MarioBros\CharacterKoopa.cpp(81,12): warning C4244: 'initializing': conversion from 'float' to 'int', possible loss of data
C:\Users\Mr Poopybutthole\Documents\GitHub\Mario\MarioBros\MarioBros\CharacterKoopa.cpp(83,11): warning C4244: 'initializing': conversion from 'float' to 'int', possible loss of data
C:\Users\Mr Poopybutthole\Documents\GitHub\Mario\MarioBros\MarioBros\CharacterKoopa.cpp(85,45): warning C4838: conversion from 'float' to 'int' requires a narrowing conversion
C:\Users\Mr Poopybutthole\Documents\GitHub\Mario\MarioBros\MarioBros\CharacterKoopa.cpp(85,45): warning C4244: 'initializing': conversion from 'float' to 'int', possible loss of data
C:\Users\Mr Poopybutthole\Documents\GitHub\Mario\MarioBros\MarioBros\CharacterKoopa.cpp(85,65): warning C4838: conversion from 'float' to 'int' requires a narrowing conversion
C:\Users\Mr Poopybutthole\Documents\GitHub\Mario\MarioBros\MarioBros\CharacterKoopa.cpp(85,65): warning C4244: 'initializing': conversion from 'float' to 'int', possible loss of data
C:\Users\Mr Poopybutthole\Documents\GitHub\Mario\MarioBros\MarioBros\CharacterKoopa.cpp(87,64): warning C4838: conversion from 'float' to 'int' requires a narrowing conversion
C:\Users\Mr Poopybutthole\Documents\GitHub\Mario\MarioBros\MarioBros\CharacterKoopa.cpp(87,64): warning C4244: 'initializing': conversion from 'float' to 'int', possible loss of data
C:\Users\Mr Poopybutthole\Documents\GitHub\Mario\MarioBros\MarioBros\CharacterKoopa.cpp(87,84): warning C4838: conversion from 'float' to 'int' requires a narrowing conversion
C:\Users\Mr Poopybutthole\Documents\GitHub\Mario\MarioBros\MarioBros\CharacterKoopa.cpp(87,84): warning C4244: 'initializing': conversion from 'float' to 'int', possible loss of data
  CharacterLuigi.cpp
C:\Users\Mr Poopybutthole\Documents\GitHub\Mario\MarioBros\MarioBros\CharacterLuigi.cpp(17,44): warning C4244: '=': conversion from 'int' to 'float', possible loss of data
C:\Users\Mr Poopybutthole\Documents\GitHub\Mario\MarioBros\MarioBros\CharacterLuigi.cpp(18,43): warning C4244: '=': conversion from 'int' to 'float', possible loss of data
C:\Users\Mr Poopybutthole\Documents\GitHub\Mario\MarioBros\MarioBros\CharacterLuigi.cpp(88,11): warning C4244: 'initializing': conversion from 'float' to 'int', possible loss of data
C:\Users\Mr Poopybutthole\Documents\GitHub\Mario\MarioBros\MarioBros\CharacterLuigi.cpp(90,45): warning C4838: conversion from 'float' to 'int' requires a narrowing conversion
C:\Users\Mr Poopybutthole\Documents\GitHub\Mario\MarioBros\MarioBros\CharacterLuigi.cpp(90,45): warning C4244: 'initializing': conversion from 'float' to 'int', possible loss of data
C:\Users\Mr Poopybutthole\Documents\GitHub\Mario\MarioBros\MarioBros\CharacterLuigi.cpp(90,65): warning C4838: conversion from 'float' to 'int' requires a narrowing conversion
C:\Users\Mr Poopybutthole\Documents\GitHub\Mario\MarioBros\MarioBros\CharacterLuigi.cpp(90,65): warning C4244: 'initializing': conversion from 'float' to 'int', possible loss of data
C:\Users\Mr Poopybutthole\Documents\GitHub\Mario\MarioBros\MarioBros\CharacterLuigi.cpp(92,64): warning C4838: conversion from 'float' to 'int' requires a narrowing conversion
C:\Users\Mr Poopybutthole\Documents\GitHub\Mario\MarioBros\MarioBros\CharacterLuigi.cpp(92,64): warning C4244: 'initializing': conversion from 'float' to 'int', possible loss of data
C:\Users\Mr Poopybutthole\Documents\GitHub\Mario\MarioBros\MarioBros\CharacterLuigi.cpp(92,84): warning C4838: conversion from 'float' to 'int' requires a narrowing conversion
C:\Users\Mr Poopybutthole\Documents\GitHub\Mario\MarioBros\MarioBros\CharacterLuigi.cpp(92,84): warning C4244: 'initializing': conversion from 'float' to 'int', possible loss of data
  CharacterMario.cpp
C:\Users\Mr Poopybutthole\Documents\GitHub\Mario\MarioBros\MarioBros\CharacterMario.cpp(18,44): warning C4244: '=': conversion from 'int' to 'float', possible loss of data
C:\Users\Mr Poopybutthole\Documents\GitHub\Mario\MarioBros\MarioBros\CharacterMario.cpp(19,43): warning C4244: '=': conversion from 'int' to 'float', possible loss of data
C:\Users\Mr Poopybutthole\Documents\GitHub\Mario\MarioBros\MarioBros\CharacterMario.cpp(102,11): warning C4244: 'initializing': conversion from 'float' to 'int', possible loss of data
C:\Users\Mr Poopybutthole\Documents\GitHub\Mario\MarioBros\MarioBros\CharacterMario.cpp(104,45): warning C4838: conversion from 'float' to 'int' requires a narrowing conversion
C:\Users\Mr Poopybutthole\Documents\GitHub\Mario\MarioBros\MarioBros\CharacterMario.cpp(104,45): warning C4244: 'initializing': conversion from 'float' to 'int', possible loss of data
C:\Users\Mr Poopybutthole\Documents\GitHub\Mario\MarioBros\MarioBros\CharacterMario.cpp(104,65): warning C4838: conversion from 'float' to 'int' requires a narrowing conversion
C:\Users\Mr Poopybutthole\Documents\GitHub\Mario\MarioBros\MarioBros\CharacterMario.cpp(104,65): warning C4244: 'initializing': conversion from 'float' to 'int', possible loss of data
C:\Users\Mr Poopybutthole\Documents\GitHub\Mario\MarioBros\MarioBros\CharacterMario.cpp(106,64): warning C4838: conversion from 'float' to 'int' requires a narrowing conversion
C:\Users\Mr Poopybutthole\Documents\GitHub\Mario\MarioBros\MarioBros\CharacterMario.cpp(106,64): warning C4244: 'initializing': conversion from 'float' to 'int', possible loss of data
C:\Users\Mr Poopybutthole\Documents\GitHub\Mario\MarioBros\MarioBros\CharacterMario.cpp(106,84): warning C4838: conversion from 'float' to 'int' requires a narrowing conversion
C:\Users\Mr Poopybutthole\Documents\GitHub\Mario\MarioBros\MarioBros\CharacterMario.cpp(106,84): warning C4244: 'initializing': conversion from 'float' to 'int', possible loss of data
  Collisions.cpp
  GameScreen.cpp
  GameScreenLevel.cpp
  GameScreenManager.cpp
  LevelMap.cpp
  PowBlock.cpp
C:\Users\Mr Poopybutthole\Documents\GitHub\Mario\MarioBros\MarioBros\PowBlock.cpp(14,44): warning C4244: '=': conversion from 'int' to 'float', possible loss of data
C:\Users\Mr Poopybutthole\Documents\GitHub\Mario\MarioBros\MarioBros\PowBlock.cpp(15,43): warning C4244: '=': conversion from 'int' to 'float', possible loss of data
C:\Users\Mr Poopybutthole\Documents\GitHub\Mario\MarioBros\MarioBros\PowBlock.cpp(34,12): warning C4244: 'initializing': conversion from 'float' to 'int', possible loss of data
C:\Users\Mr Poopybutthole\Documents\GitHub\Mario\MarioBros\MarioBros\PowBlock.cpp(37,46): warning C4838: conversion from 'float' to 'int' requires a narrowing conversion
C:\Users\Mr Poopybutthole\Documents\GitHub\Mario\MarioBros\MarioBros\PowBlock.cpp(37,46): warning C4244: 'initializing': conversion from 'float' to 'int', possible loss of data
C:\Users\Mr Poopybutthole\Documents\GitHub\Mario\MarioBros\MarioBros\PowBlock.cpp(37,66): warning C4838: conversion from 'float' to 'int' requires a narrowing conversion
C:\Users\Mr Poopybutthole\Documents\GitHub\Mario\MarioBros\MarioBros\PowBlock.cpp(37,66): warning C4244: 'initializing': conversion from 'float' to 'int', possible loss of data
C:\Users\Mr Poopybutthole\Documents\GitHub\Mario\MarioBros\MarioBros\PowBlock.cpp(40,65): warning C4838: conversion from 'float' to 'int' requires a narrowing conversion
C:\Users\Mr Poopybutthole\Documents\GitHub\Mario\MarioBros\MarioBros\PowBlock.cpp(40,65): warning C4244: 'initializing': conversion from 'float' to 'int', possible loss of data
C:\Users\Mr Poopybutthole\Documents\GitHub\Mario\MarioBros\MarioBros\PowBlock.cpp(40,85): warning C4838: conversion from 'float' to 'int' requires a narrowing conversion
C:\Users\Mr Poopybutthole\Documents\GitHub\Mario\MarioBros\MarioBros\PowBlock.cpp(40,85): warning C4244: 'initializing': conversion from 'float' to 'int', possible loss of data
C:\Users\Mr Poopybutthole\Documents\GitHub\Mario\MarioBros\MarioBros\PowBlock.cpp(51,42): warning C4244: 'argument': conversion from 'float' to 'int', possible loss of data
  ScoreSystem.cpp
  SoundManager.cpp
  Source.cpp
  Texture2D.cpp
C:\Users\Mr Poopybutthole\Documents\GitHub\Mario\MarioBros\MarioBros\Texture2D.cpp(67,41): warning C4838: conversion from 'float' to 'int' requires a narrowing conversion
C:\Users\Mr Poopybutthole\Documents\GitHub\Mario\MarioBros\MarioBros\Texture2D.cpp(67,41): warning C4244: 'initializing': conversion from 'float' to 'int', possible loss of data
C:\Users\Mr Poopybutthole\Documents\GitHub\Mario\MarioBros\MarioBros\Texture2D.cpp(67,56): warning C4838: conversion from 'float' to 'int' requires a narrowing conversion
C:\Users\Mr Poopybutthole\Documents\GitHub\Mario\MarioBros\MarioBros\Texture2D.cpp(67,56): warning C4244: 'initializing': conversion from 'float' to 'int', possible loss of data
  Generating Code...
C:\Users\Mr Poopybutthole\Documents\GitHub\Mario\MarioBros\MarioBros\Source.cpp(165): warning C4715: 'Update': not all control paths return a value
  LINK : C:\Users\Mr Poopybutthole\Documents\GitHub\Mario\MarioBros\Debug\MarioBros.exe not found or not built by the last incremental link; performing full link
  MarioBros.vcxproj -> C:\Users\Mr Poopybutthole\Documents\GitHub\Mario\MarioBros\Debug\MarioBros.exe
