c:\users\mr poopybutthole\downloads\mariobros\mariobros\debug\vc142.pdb
c:\users\mr poopybutthole\downloads\mariobros\mariobros\debug\vc142.idb
c:\users\mr poopybutthole\downloads\mariobros\mariobros\debug\texture2d.obj
c:\users\mr poopybutthole\downloads\mariobros\mariobros\debug\levelmap.obj
c:\users\mr poopybutthole\downloads\mariobros\mariobros\debug\gamescreenmanager.obj
c:\users\mr poopybutthole\downloads\mariobros\mariobros\debug\gamescreenlevel.obj
c:\users\mr poopybutthole\downloads\mariobros\mariobros\debug\gamescreen.obj
c:\users\mr poopybutthole\downloads\mariobros\mariobros\debug\character.obj
c:\users\mr poopybutthole\downloads\mariobros\mariobros\debug\charactermario.obj
c:\users\mr poopybutthole\downloads\mariobros\mariobros\debug\characterluigi.obj
c:\users\mr poopybutthole\downloads\mariobros\mariobros\debug\source.obj
c:\users\mr poopybutthole\downloads\mariobros\mariobros\debug\collisions.obj
c:\users\mr poopybutthole\downloads\mariobros\mariobros\debug\source-s500-02.obj
c:\users\mr poopybutthole\downloads\mariobros\mariobros\debug\mariobros.ilk
c:\users\mr poopybutthole\downloads\mariobros\mariobros\debug\vc142-s500-02.idb
c:\users\mr poopybutthole\downloads\mariobros\mariobros\debug\mariobros.pdb
c:\users\mr poopybutthole\downloads\mariobros\mariobros\debug\vc142-s500-02.pdb
c:\users\mr poopybutthole\downloads\mariobros\debug\mariobros.pdb
c:\users\mr poopybutthole\downloads\mariobros\mariobros\debug\mariobros.tlog\cl.command.1-s500-02.tlog
c:\users\mr poopybutthole\downloads\mariobros\mariobros\debug\mariobros.tlog\cl.command.1.tlog
c:\users\mr poopybutthole\downloads\mariobros\mariobros\debug\mariobros.tlog\cl.read.1-s500-02.tlog
c:\users\mr poopybutthole\downloads\mariobros\mariobros\debug\mariobros.tlog\cl.write.1-s500-02.tlog
c:\users\mr poopybutthole\downloads\mariobros\mariobros\debug\mariobros.tlog\link.command.1-s500-02.tlog
c:\users\mr poopybutthole\downloads\mariobros\mariobros\debug\mariobros.tlog\link.command.1.tlog
c:\users\mr poopybutthole\downloads\mariobros\mariobros\debug\mariobros.tlog\link.read.1-s500-02.tlog
c:\users\mr poopybutthole\downloads\mariobros\mariobros\debug\mariobros.tlog\link.read.1.tlog
c:\users\mr poopybutthole\downloads\mariobros\mariobros\debug\mariobros.tlog\link.write.1-s500-02.tlog
c:\users\mr poopybutthole\downloads\mariobros\mariobros\debug\mariobros.tlog\link.write.1.tlog
