c:\users\d012751j\documents\github\mario\mariobros\debug\vc142.pdb
c:\users\d012751j\documents\github\mario\mariobros\debug\vc142.idb
c:\users\d012751j\documents\github\mario\mariobros\debug\texture2d.obj
c:\users\d012751j\documents\github\mario\mariobros\debug\source.obj
c:\users\d012751j\documents\github\mario\mariobros\debug\gamescreenmanager.obj
c:\users\d012751j\documents\github\mario\mariobros\debug\gamescreenlevel.obj
c:\users\d012751j\documents\github\mario\mariobros\debug\gamescreen.obj
c:\users\d012751j\documents\github\mario\mariobros\debug\collisions.obj
c:\users\d012751j\documents\github\mario\mariobros\debug\charactermario.obj
c:\users\d012751j\documents\github\mario\mariobros\debug\characterluigi.obj
c:\users\d012751j\documents\github\mario\mariobros\debug\character.obj
c:\users\d012751j\documents\github\mario\debug\mariobros.exe
c:\users\d012751j\documents\github\mario\debug\mariobros.ilk
c:\users\d012751j\documents\github\mario\debug\mariobros.pdb
c:\users\d012751j\documents\github\mario\mariobros\debug\mariobros.tlog\cl.command.1.tlog
c:\users\d012751j\documents\github\mario\mariobros\debug\mariobros.tlog\cl.read.1.tlog
c:\users\d012751j\documents\github\mario\mariobros\debug\mariobros.tlog\cl.write.1.tlog
c:\users\d012751j\documents\github\mario\mariobros\debug\mariobros.tlog\link.command.1.tlog
c:\users\d012751j\documents\github\mario\mariobros\debug\mariobros.tlog\link.read.1.tlog
c:\users\d012751j\documents\github\mario\mariobros\debug\mariobros.tlog\link.write.1.tlog
